TN:
SF:src/app.ts
FN:10,App
FN:18,initializeRoutes
FN:22,interceptionError
FN:26,middlewaresInitializer
FN:31,listen
FNF:5
FNH:4
FNDA:1,App
FNDA:1,initializeRoutes
FNDA:1,interceptionError
FNDA:1,middlewaresInitializer
FNDA:0,listen
DA:1,1
DA:2,1
DA:3,1
DA:4,1
DA:5,1
DA:6,1
DA:7,1
DA:8,1
DA:9,1
DA:10,1
DA:11,1
DA:12,1
DA:13,1
DA:14,1
DA:15,1
DA:16,1
DA:17,1
DA:18,1
DA:19,1
DA:20,1
DA:21,1
DA:22,1
DA:23,1
DA:24,1
DA:25,1
DA:26,1
DA:27,1
DA:28,1
DA:29,1
DA:30,1
DA:31,1
DA:32,0
DA:33,0
DA:34,1
LF:34
LH:32
BRDA:10,0,0,1
BRDA:18,1,0,1
BRDA:22,2,0,1
BRDA:26,3,0,1
BRF:4
BRH:4
end_of_record
TN:
SF:src/controllers/eventController.ts
FN:7,EventController
FN:9,create
FN:35,findEventByLocation
FNF:3
FNH:2
FNDA:1,EventController
FNDA:1,create
FNDA:0,findEventByLocation
DA:1,1
DA:2,1
DA:3,1
DA:4,1
DA:5,1
DA:6,1
DA:7,1
DA:8,1
DA:9,1
DA:10,1
DA:11,1
DA:12,1
DA:13,1
DA:14,1
DA:15,1
DA:16,1
DA:17,1
DA:18,1
DA:19,1
DA:20,1
DA:21,1
DA:22,1
DA:23,1
DA:24,1
DA:25,1
DA:26,1
DA:27,1
DA:28,1
DA:29,1
DA:30,1
DA:31,0
DA:32,0
DA:33,1
DA:34,1
DA:35,1
DA:36,0
DA:37,0
DA:38,0
DA:39,0
DA:40,0
DA:41,0
DA:42,0
DA:43,0
DA:44,0
DA:45,0
DA:46,0
DA:47,0
DA:48,0
DA:49,1
LF:49
LH:34
BRDA:7,0,0,1
BRDA:9,1,0,1
BRDA:30,2,0,0
BRDA:20,3,0,2
BRF:4
BRH:3
end_of_record
TN:
SF:src/infra/database.ts
FN:3,connect
FNF:1
FNH:1
FNDA:1,connect
DA:1,1
DA:2,1
DA:3,1
DA:4,1
DA:5,1
DA:6,1
DA:7,1
DA:8,0
DA:9,0
DA:10,1
LF:10
LH:8
BRDA:3,0,0,1
BRDA:7,1,0,0
BRF:2
BRH:1
end_of_record
TN:
SF:src/infra/multer.ts
FN:8,destination
FN:11,filename
FNF:2
FNH:2
FNDA:3,destination
FNDA:3,filename
DA:1,1
DA:2,1
DA:3,1
DA:4,1
DA:5,1
DA:6,1
DA:7,1
DA:8,1
DA:9,3
DA:10,1
DA:11,1
DA:12,3
DA:13,3
DA:14,3
DA:15,1
DA:16,1
DA:17,1
LF:17
LH:17
BRDA:8,0,0,3
BRDA:11,1,0,3
BRF:2
BRH:2
end_of_record
TN:
SF:src/interfaces/HttpException.ts
FN:6,HttpException
FNF:1
FNH:0
FNDA:0,HttpException
DA:1,1
DA:2,1
DA:3,1
DA:4,1
DA:5,1
DA:6,1
DA:7,0
DA:8,0
DA:9,0
DA:10,0
DA:11,1
DA:12,1
LF:12
LH:8
BRF:0
BRH:0
end_of_record
TN:
SF:src/middlewares/error.middleware.ts
FN:4,errorMiddleware
FNF:1
FNH:1
FNDA:1,errorMiddleware
DA:1,1
DA:2,1
DA:3,1
DA:4,1
DA:5,1
DA:6,1
DA:7,1
DA:8,1
DA:9,1
DA:10,1
DA:11,1
DA:12,1
DA:13,1
DA:14,1
DA:15,1
DA:16,1
DA:17,1
LF:17
LH:17
BRDA:4,0,0,1
BRDA:10,1,0,0
BRDA:11,2,0,0
BRF:3
BRH:1
end_of_record
TN:
SF:src/repositories/eventRepositoryMongoose.ts
FN:36,add
FN:42,findByLocationandDate
FN:47,findEventByCity
FNF:3
FNH:2
FNDA:1,add
FNDA:1,findByLocationandDate
FNDA:0,findEventByCity
DA:1,1
DA:2,1
DA:3,1
DA:4,1
DA:5,1
DA:6,1
DA:7,1
DA:8,1
DA:9,1
DA:10,1
DA:11,1
DA:12,1
DA:13,1
DA:14,1
DA:15,1
DA:16,1
DA:17,1
DA:18,1
DA:19,1
DA:20,1
DA:21,1
DA:22,1
DA:23,1
DA:24,1
DA:25,1
DA:26,1
DA:27,1
DA:28,1
DA:29,1
DA:30,1
DA:31,1
DA:32,1
DA:33,1
DA:34,1
DA:35,1
DA:36,1
DA:37,1
DA:38,1
DA:39,1
DA:40,1
DA:41,1
DA:42,1
DA:43,1
DA:44,1
DA:45,1
DA:46,1
DA:47,1
DA:48,0
DA:49,0
DA:50,0
DA:51,1
LF:51
LH:48
BRDA:36,0,0,1
BRDA:42,1,0,1
BRDA:44,2,0,0
BRF:3
BRH:2
end_of_record
TN:
SF:src/routes/event.router.ts
FN:11,EventRouter
FN:19,initRouter
FNF:2
FNH:2
FNDA:1,EventRouter
FNDA:1,initRouter
DA:1,1
DA:2,1
DA:3,1
DA:4,1
DA:5,1
DA:6,1
DA:7,1
DA:8,1
DA:9,1
DA:10,1
DA:11,1
DA:12,1
DA:13,1
DA:14,1
DA:15,1
DA:16,1
DA:17,1
DA:18,1
DA:19,1
DA:20,1
DA:21,1
DA:22,1
DA:23,1
DA:24,1
DA:25,1
DA:26,1
DA:27,1
DA:28,1
DA:29,1
DA:30,1
DA:31,1
DA:32,1
DA:33,1
DA:34,1
DA:35,1
DA:36,1
DA:37,1
DA:38,1
DA:39,1
LF:39
LH:39
BRDA:11,0,0,1
BRDA:19,1,0,1
BRF:2
BRH:2
end_of_record
TN:
SF:src/useCases/eventUseCase.ts
FN:8,EventUseCase
FN:10,create
FN:39,findEventByLocation
FN:60,getCityByCoordinates
FN:86,calculateDistance
FN:105,deg2rad
FNF:6
FNH:3
FNDA:1,EventUseCase
FNDA:1,create
FNDA:0,findEventByLocation
FNDA:1,getCityByCoordinates
FNDA:0,calculateDistance
FNDA:0,deg2rad
DA:1,1
DA:2,1
DA:3,1
DA:4,1
DA:5,1
DA:6,1
DA:7,1
DA:8,1
DA:9,1
DA:10,1
DA:11,1
DA:12,1
DA:13,0
DA:14,0
DA:15,1
DA:16,0
DA:17,0
DA:18,1
DA:19,0
DA:20,0
DA:21,1
DA:22,1
DA:23,1
DA:24,1
DA:25,1
DA:26,1
DA:27,1
DA:28,1
DA:29,1
DA:30,1
DA:31,1
DA:32,1
DA:33,1
DA:34,1
DA:35,1
DA:36,1
DA:37,1
DA:38,1
DA:39,1
DA:40,0
DA:41,0
DA:42,0
DA:43,0
DA:44,0
DA:45,0
DA:46,0
DA:47,0
DA:48,0
DA:49,0
DA:50,0
DA:51,0
DA:52,0
DA:53,0
DA:54,0
DA:55,0
DA:56,0
DA:57,0
DA:58,0
DA:59,1
DA:60,1
DA:61,1
DA:62,1
DA:63,1
DA:64,1
DA:65,1
DA:66,1
DA:67,1
DA:68,4
DA:69,1
DA:70,1
DA:71,1
DA:72,1
DA:73,1
DA:74,1
DA:75,1
DA:76,1
DA:77,1
DA:78,1
DA:79,0
DA:80,0
DA:81,0
DA:82,0
DA:83,0
DA:84,1
DA:85,1
DA:86,1
DA:87,0
DA:88,0
DA:89,0
DA:90,0
DA:91,0
DA:92,0
DA:93,0
DA:94,0
DA:95,0
DA:96,0
DA:97,0
DA:98,0
DA:99,0
DA:100,0
DA:101,0
DA:102,0
DA:103,0
DA:104,0
DA:105,1
DA:106,0
DA:107,0
DA:108,1
DA:109,1
LF:109
LH:59
BRDA:8,0,0,1
BRDA:10,1,0,1
BRDA:12,2,0,0
BRDA:15,3,0,0
BRDA:18,4,0,0
BRDA:23,5,0,0
BRDA:60,6,0,1
BRDA:79,7,0,0
BRDA:67,8,0,4
BRDA:68,9,0,1
BRF:10
BRH:5
end_of_record
